d:\term2\programming_fuundamentals1\blackjacksdl2\x64\debug\vc143.pdb
d:\term2\programming_fuundamentals1\blackjacksdl2\x64\debug\vc143.idb
d:\term2\programming_fuundamentals1\blackjacksdl2\x64\debug\gamesetup.obj
d:\term2\programming_fuundamentals1\blackjacksdl2\x64\debug\game.obj
d:\term2\programming_fuundamentals1\blackjacksdl2\x64\debug\gamecards.obj
d:\term2\programming_fuundamentals1\blackjacksdl2\x64\debug\gamebetting.obj
d:\term2\programming_fuundamentals1\blackjacksdl2\x64\debug\texturemanager.obj
d:\term2\programming_fuundamentals1\blackjacksdl2\x64\debug\gameobject.obj
d:\term2\programming_fuundamentals1\blackjacksdl2\x64\debug\main.obj
d:\term2\programming_fuundamentals1\blackjacksdl2\x64\debug\blackjacksdl2.pdb
d:\term2\programming_fuundamentals1\blackjacksdl2\x64\debug\blackjacksdl2.tlog\cl.command.1.tlog
d:\term2\programming_fuundamentals1\blackjacksdl2\x64\debug\blackjacksdl2.tlog\cl.items.tlog
d:\term2\programming_fuundamentals1\blackjacksdl2\x64\debug\blackjacksdl2.tlog\cl.read.1.tlog
d:\term2\programming_fuundamentals1\blackjacksdl2\x64\debug\blackjacksdl2.tlog\cl.write.1.tlog
d:\term2\programming_fuundamentals1\blackjacksdl2\x64\debug\blackjacksdl2.tlog\link-cvtres.read.1.tlog
d:\term2\programming_fuundamentals1\blackjacksdl2\x64\debug\blackjacksdl2.tlog\link-cvtres.write.1.tlog
d:\term2\programming_fuundamentals1\blackjacksdl2\x64\debug\blackjacksdl2.tlog\link-rc.read.1.tlog
d:\term2\programming_fuundamentals1\blackjacksdl2\x64\debug\blackjacksdl2.tlog\link-rc.write.1.tlog
d:\term2\programming_fuundamentals1\blackjacksdl2\x64\debug\blackjacksdl2.tlog\link.command.1.tlog
d:\term2\programming_fuundamentals1\blackjacksdl2\x64\debug\blackjacksdl2.tlog\link.read.1.tlog
d:\term2\programming_fuundamentals1\blackjacksdl2\x64\debug\blackjacksdl2.tlog\link.read.2.tlog
d:\term2\programming_fuundamentals1\blackjacksdl2\x64\debug\blackjacksdl2.tlog\link.write.1.tlog
